<?xml version="1.0" encoding="UTF-8"?>
<testsuite name="tests.SearchTests" tests="6" skipped="0" failures="1" errors="0" timestamp="2022-07-24T17:53:49" hostname="MBP-Taya.lan" time="28.538">
  <properties/>
  <testcase name="searchAnyPeriod" classname="tests.SearchTests" time="5.017">
    <failure message="org.openqa.selenium.NoSuchElementException: Unable to locate element: #city&#10;For documentation on this error, please visit: https://selenium.dev/exceptions/#no_such_element&#10;Build info: version: '4.1.4', revision: '535d840ee2'&#10;System info: host: 'MacBook-Pro-Taya.local', ip: '127.0.0.1', os.name: 'Mac OS X', os.arch: 'x86_64', os.version: '11.6.5', java.version: '11.0.15.1'&#10;Driver info: org.openqa.selenium.firefox.FirefoxDriver&#10;Command: [a4ca9281-919d-45bd-b4d4-b613d59f50ec, findElement {using=id, value=city}]&#10;Capabilities {acceptInsecureCerts: true, browserName: firefox, browserVersion: 101.0, javascriptEnabled: true, moz:accessibilityChecks: false, moz:buildID: 20220526203855, moz:debuggerAddress: localhost:51372, moz:geckodriverVersion: 0.30.0, moz:headless: false, moz:processID: 14046, moz:profile: /var/folders/s_/hl4vhy0959g..., moz:shutdownTimeout: 60000, moz:useNonSpecCompliantPointerOrigin: false, moz:webdriverClick: true, pageLoadStrategy: normal, platform: MAC, platformName: MAC, platformVersion: 20.6.0, proxy: Proxy(), se:cdp: ws://localhost:51372/devtoo..., se:cdpVersion: 85.0, setWindowRect: true, strictFileInteractability: false, timeouts: {implicit: 0, pageLoad: 300000, script: 30000}, unhandledPromptBehavior: dismiss and notify}&#10;Session ID: a4ca9281-919d-45bd-b4d4-b613d59f50ec" type="org.openqa.selenium.NoSuchElementException">org.openqa.selenium.NoSuchElementException: Unable to locate element: #city
For documentation on this error, please visit: https://selenium.dev/exceptions/#no_such_element
Build info: version: '4.1.4', revision: '535d840ee2'
System info: host: 'MacBook-Pro-Taya.local', ip: '127.0.0.1', os.name: 'Mac OS X', os.arch: 'x86_64', os.version: '11.6.5', java.version: '11.0.15.1'
Driver info: org.openqa.selenium.firefox.FirefoxDriver
Command: [a4ca9281-919d-45bd-b4d4-b613d59f50ec, findElement {using=id, value=city}]
Capabilities {acceptInsecureCerts: true, browserName: firefox, browserVersion: 101.0, javascriptEnabled: true, moz:accessibilityChecks: false, moz:buildID: 20220526203855, moz:debuggerAddress: localhost:51372, moz:geckodriverVersion: 0.30.0, moz:headless: false, moz:processID: 14046, moz:profile: /var/folders/s_/hl4vhy0959g..., moz:shutdownTimeout: 60000, moz:useNonSpecCompliantPointerOrigin: false, moz:webdriverClick: true, pageLoadStrategy: normal, platform: MAC, platformName: MAC, platformVersion: 20.6.0, proxy: Proxy(), se:cdp: ws://localhost:51372/devtoo..., se:cdpVersion: 85.0, setWindowRect: true, strictFileInteractability: false, timeouts: {implicit: 0, pageLoad: 300000, script: 30000}, unhandledPromptBehavior: dismiss and notify}
Session ID: a4ca9281-919d-45bd-b4d4-b613d59f50ec
	at app//manager.MyListener.onError(MyListener.java:42)
	at app//org.openqa.selenium.support.events.EventFiringDecorator.lambda$onError$2(EventFiringDecorator.java:185)
	at java.base@11.0.15.1/java.util.Arrays$ArrayList.forEach(Arrays.java:4390)
	at app//org.openqa.selenium.support.events.EventFiringDecorator.onError(EventFiringDecorator.java:183)
	at app//org.openqa.selenium.support.decorators.DefaultDecorated.onError(DefaultDecorated.java:58)
	at app//org.openqa.selenium.support.decorators.WebDriverDecorator.lambda$createProxy$0(WebDriverDecorator.java:308)
	at net.bytebuddy.renamed.java.lang.Object$ByteBuddy$1l6O3cdH.findElement(Unknown Source)
	at app//manager.HelperBase.type(HelperBase.java:21)
	at app//manager.HelperSearch.typeCity(HelperSearch.java:54)
	at app//manager.HelperSearch.searchAnyPeriodLocalDate2(HelperSearch.java:115)
	at app//tests.SearchTests.searchAnyPeriod(SearchTests.java:57)
	at java.base@11.0.15.1/jdk.internal.reflect.NativeMethodAccessorImpl.invoke0(Native Method)
	at java.base@11.0.15.1/jdk.internal.reflect.NativeMethodAccessorImpl.invoke(NativeMethodAccessorImpl.java:62)
	at java.base@11.0.15.1/jdk.internal.reflect.DelegatingMethodAccessorImpl.invoke(DelegatingMethodAccessorImpl.java:43)
	at java.base@11.0.15.1/java.lang.reflect.Method.invoke(Method.java:566)
	at app//org.testng.internal.invokers.MethodInvocationHelper.invokeMethod(MethodInvocationHelper.java:135)
	at app//org.testng.internal.invokers.TestInvoker.invokeMethod(TestInvoker.java:673)
	at app//org.testng.internal.invokers.TestInvoker.invokeTestMethod(TestInvoker.java:220)
	at app//org.testng.internal.invokers.MethodRunner.runInSequence(MethodRunner.java:50)
	at app//org.testng.internal.invokers.TestInvoker$MethodInvocationAgent.invoke(TestInvoker.java:945)
	at app//org.testng.internal.invokers.TestInvoker.invokeTestMethods(TestInvoker.java:193)
	at app//org.testng.internal.invokers.TestMethodWorker.invokeTestMethods(TestMethodWorker.java:146)
	at app//org.testng.internal.invokers.TestMethodWorker.run(TestMethodWorker.java:128)
	at java.base@11.0.15.1/java.util.ArrayList.forEach(ArrayList.java:1541)
	at app//org.testng.TestRunner.privateRun(TestRunner.java:808)
	at app//org.testng.TestRunner.run(TestRunner.java:603)
	at app//org.testng.SuiteRunner.runTest(SuiteRunner.java:429)
	at app//org.testng.SuiteRunner.runSequentially(SuiteRunner.java:423)
	at app//org.testng.SuiteRunner.privateRun(SuiteRunner.java:383)
	at app//org.testng.SuiteRunner.run(SuiteRunner.java:326)
	at app//org.testng.SuiteRunnerWorker.runSuite(SuiteRunnerWorker.java:52)
	at app//org.testng.SuiteRunnerWorker.run(SuiteRunnerWorker.java:95)
	at app//org.testng.TestNG.runSuitesSequentially(TestNG.java:1249)
	at app//org.testng.TestNG.runSuitesLocally(TestNG.java:1169)
	at app//org.testng.TestNG.runSuites(TestNG.java:1092)
	at app//org.testng.TestNG.run(TestNG.java:1060)
	at org.gradle.api.internal.tasks.testing.testng.TestNGTestClassProcessor.runTests(TestNGTestClassProcessor.java:141)
	at org.gradle.api.internal.tasks.testing.testng.TestNGTestClassProcessor.stop(TestNGTestClassProcessor.java:90)
	at org.gradle.api.internal.tasks.testing.SuiteTestClassProcessor.stop(SuiteTestClassProcessor.java:61)
	at java.base@11.0.15.1/jdk.internal.reflect.NativeMethodAccessorImpl.invoke0(Native Method)
	at java.base@11.0.15.1/jdk.internal.reflect.NativeMethodAccessorImpl.invoke(NativeMethodAccessorImpl.java:62)
	at java.base@11.0.15.1/jdk.internal.reflect.DelegatingMethodAccessorImpl.invoke(DelegatingMethodAccessorImpl.java:43)
	at java.base@11.0.15.1/java.lang.reflect.Method.invoke(Method.java:566)
	at org.gradle.internal.dispatch.ReflectionDispatch.dispatch(ReflectionDispatch.java:36)
	at org.gradle.internal.dispatch.ReflectionDispatch.dispatch(ReflectionDispatch.java:24)
	at org.gradle.internal.dispatch.ContextClassLoaderDispatch.dispatch(ContextClassLoaderDispatch.java:33)
	at org.gradle.internal.dispatch.ProxyDispatchAdapter$DispatchingInvocationHandler.invoke(ProxyDispatchAdapter.java:94)
	at com.sun.proxy.$Proxy2.stop(Unknown Source)
	at org.gradle.api.internal.tasks.testing.worker.TestWorker$3.run(TestWorker.java:193)
	at org.gradle.api.internal.tasks.testing.worker.TestWorker.executeAndMaintainThreadName(TestWorker.java:129)
	at org.gradle.api.internal.tasks.testing.worker.TestWorker.execute(TestWorker.java:100)
	at org.gradle.api.internal.tasks.testing.worker.TestWorker.execute(TestWorker.java:60)
	at org.gradle.process.internal.worker.child.ActionExecutionWorker.execute(ActionExecutionWorker.java:56)
	at org.gradle.process.internal.worker.child.SystemApplicationClassLoaderWorker.call(SystemApplicationClassLoaderWorker.java:133)
	at org.gradle.process.internal.worker.child.SystemApplicationClassLoaderWorker.call(SystemApplicationClassLoaderWorker.java:71)
	at app//worker.org.gradle.process.internal.worker.GradleWorkerMain.run(GradleWorkerMain.java:69)
	at app//worker.org.gradle.process.internal.worker.GradleWorkerMain.main(GradleWorkerMain.java:74)
</failure>
  </testcase>
  <testcase name="searchCurrentMonth" classname="tests.SearchTests" time="3.893"/>
  <testcase name="searchCurrentYear" classname="tests.SearchTests" time="5.199"/>
  <testcase name="searchCurrentYearLocalDate" classname="tests.SearchTests" time="4.743"/>
  <testcase name="searchNextMonth" classname="tests.SearchTests" time="4.133"/>
  <testcase name="searchPeriodPast" classname="tests.SearchTests" time="3.145"/>
  <system-out><![CDATA[20:53:49.896  INFO  tests.TestBase - Start test with name --->searchAnyPeriod
20:53:49.897  INFO  manager.MyListener - WebDriver start find element -->By.id: city
20:53:54.912  INFO  manager.MyListener - The name of method with error -->findElement
20:53:54.913  INFO  manager.MyListener - We have a problem ---> org.openqa.selenium.NoSuchElementException: Unable to locate element: #city
For documentation on this error, please visit: https://selenium.dev/exceptions/#no_such_element
Build info: version: '4.1.4', revision: '535d840ee2'
System info: host: 'MacBook-Pro-Taya.local', ip: '127.0.0.1', os.name: 'Mac OS X', os.arch: 'x86_64', os.version: '11.6.5', java.version: '11.0.15.1'
Driver info: org.openqa.selenium.firefox.FirefoxDriver
Command: [a4ca9281-919d-45bd-b4d4-b613d59f50ec, findElement {using=id, value=city}]
Capabilities {acceptInsecureCerts: true, browserName: firefox, browserVersion: 101.0, javascriptEnabled: true, moz:accessibilityChecks: false, moz:buildID: 20220526203855, moz:debuggerAddress: localhost:51372, moz:geckodriverVersion: 0.30.0, moz:headless: false, moz:processID: 14046, moz:profile: /var/folders/s_/hl4vhy0959g..., moz:shutdownTimeout: 60000, moz:useNonSpecCompliantPointerOrigin: false, moz:webdriverClick: true, pageLoadStrategy: normal, platform: MAC, platformName: MAC, platformVersion: 20.6.0, proxy: Proxy(), se:cdp: ws://localhost:51372/devtoo..., se:cdpVersion: 85.0, setWindowRect: true, strictFileInteractability: false, timeouts: {implicit: 0, pageLoad: 300000, script: 30000}, unhandledPromptBehavior: dismiss and notify}
Session ID: a4ca9281-919d-45bd-b4d4-b613d59f50ec
20:53:54.915  INFO  manager.MyListener - WebDriver start find element -->By.cssSelector: .logo
20:53:55.453  INFO  tests.TestBase - Start test with name --->searchCurrentMonth
20:53:55.454  INFO  manager.MyListener - WebDriver start find element -->By.id: city
20:53:56.311  INFO  manager.MyListener - WebDriver start find element -->By.cssSelector: .pac-item
20:53:57.041  INFO  manager.MyListener - WebDriver start find element -->By.id: dates
Mac OS X
20:53:57.094  INFO  manager.MyListener - WebDriver start find element -->By.id: dates
20:53:57.438  INFO  manager.MyListener - WebDriver start find element -->By.xpath: //div[text()=' 28 ']
20:53:57.705  INFO  manager.MyListener - WebDriver start find element -->By.xpath: //div[text()=' 27 ']
20:53:57.965  INFO  manager.MyListener - WebDriver start find element -->By.cssSelector: button[type='submit']
20:53:58.015  INFO  manager.MyListener - WebDriver start find element -->By.cssSelector: button[type='submit']
20:53:58.340  INFO  manager.MyListener - New Before find by --> By.cssSelector: .cars-container.ng-star-inserted
20:53:59.349  INFO  manager.MyListener - WebDriver start find element -->By.cssSelector: .logo
20:53:59.875  INFO  tests.TestBase - Start test with name --->searchCurrentYear
20:53:59.877  INFO  manager.MyListener - WebDriver start find element -->By.id: city
20:54:00.799  INFO  manager.MyListener - WebDriver start find element -->By.cssSelector: .pac-item
20:54:01.535  INFO  manager.MyListener - WebDriver start find element -->By.id: dates
Mac OS X
20:54:01.576  INFO  manager.MyListener - WebDriver start find element -->By.id: dates
20:54:01.880  INFO  manager.MyListener - WebDriver start find element -->By.xpath: //button[@aria-label='Next month']
20:54:02.204  INFO  manager.MyListener - WebDriver start find element -->By.xpath: //div[text()=' 10 ']
20:54:02.467  INFO  manager.MyListener - WebDriver start find element -->By.xpath: //div[text()=' 20 ']
20:54:02.724  INFO  manager.MyListener - WebDriver start find element -->By.cssSelector: button[type='submit']
20:54:02.802  INFO  manager.MyListener - WebDriver start find element -->By.cssSelector: button[type='submit']
20:54:03.330  INFO  manager.MyListener - New Before find by --> By.cssSelector: .cars-container.ng-star-inserted
https://ilcarro-1578153671498.web.app/search/results?city=Haifa&startDate=2022-08-10%2000:00&endDate=2022-08-20%2000:00
20:54:05.076  INFO  manager.MyListener - WebDriver start find element -->By.cssSelector: .logo
20:54:05.537  INFO  tests.TestBase - Start test with name --->searchCurrentYearLocalDate
20:54:05.538  INFO  manager.MyListener - WebDriver start find element -->By.id: city
20:54:06.421  INFO  manager.MyListener - WebDriver start find element -->By.cssSelector: .pac-item
20:54:07.161  INFO  manager.MyListener - WebDriver start find element -->By.id: dates
Mac OS X
20:54:07.222  INFO  manager.MyListener - WebDriver start find element -->By.id: dates
20:54:07.540  INFO  manager.MyListener - WebDriver start find element -->By.xpath: //button[@aria-label='Next month']
20:54:07.828  INFO  manager.MyListener - WebDriver start find element -->By.xpath: //div[text()=' 10 ']
20:54:08.128  INFO  manager.MyListener - WebDriver start find element -->By.xpath: //button[@aria-label='Next month']
20:54:08.399  INFO  manager.MyListener - WebDriver start find element -->By.xpath: //button[@aria-label='Next month']
20:54:08.661  INFO  manager.MyListener - WebDriver start find element -->By.xpath: //div[text()=' 20 ']
20:54:08.949  INFO  manager.MyListener - WebDriver start find element -->By.cssSelector: button[type='submit']
20:54:08.996  INFO  manager.MyListener - WebDriver start find element -->By.cssSelector: button[type='submit']
20:54:09.388  INFO  manager.MyListener - New Before find by --> By.cssSelector: .cars-container.ng-star-inserted
20:54:10.281  INFO  manager.MyListener - WebDriver start find element -->By.cssSelector: .logo
20:54:10.752  INFO  tests.TestBase - Start test with name --->searchNextMonth
20:54:10.753  INFO  manager.MyListener - WebDriver start find element -->By.id: city
20:54:11.639  INFO  manager.MyListener - WebDriver start find element -->By.cssSelector: .pac-item
20:54:12.375  INFO  manager.MyListener - WebDriver start find element -->By.id: dates
Mac OS X
20:54:12.421  INFO  manager.MyListener - WebDriver start find element -->By.id: dates
20:54:12.741  INFO  manager.MyListener - WebDriver start find element -->By.xpath: //button[@aria-label='Next month']
20:54:13.015  INFO  manager.MyListener - WebDriver start find element -->By.xpath: //div[text()=' 28 ']
20:54:13.276  INFO  manager.MyListener - WebDriver start find element -->By.xpath: //div[text()=' 27 ']
20:54:13.528  INFO  manager.MyListener - WebDriver start find element -->By.cssSelector: button[type='submit']
20:54:13.567  INFO  manager.MyListener - WebDriver start find element -->By.cssSelector: button[type='submit']
20:54:13.934  INFO  manager.MyListener - New Before find by --> By.cssSelector: .cars-container.ng-star-inserted
20:54:14.886  INFO  manager.MyListener - WebDriver start find element -->By.cssSelector: .logo
20:54:15.290  INFO  tests.TestBase - Start test with name --->searchPeriodPast
20:54:15.291  INFO  manager.MyListener - WebDriver start find element -->By.id: city
20:54:16.158  INFO  manager.MyListener - WebDriver start find element -->By.cssSelector: .pac-item
20:54:16.901  INFO  manager.MyListener - WebDriver start find element -->By.id: dates
Mac OS X
20:54:16.954  INFO  manager.MyListener - WebDriver start find element -->By.id: dates
20:54:17.388  INFO  manager.MyListener - WebDriver start find element -->By.cssSelector: .cdk-overlay-container
20:54:17.633  INFO  manager.MyListener - WebDriver start find element -->By.cssSelector: button[type='submit']
20:54:18.367  INFO  manager.MyListener - New Before find by --> By.cssSelector: button[disabled]
20:54:18.393  INFO  manager.MyListener - WebDriver start find element -->By.cssSelector: [type='submit']
false
20:54:18.418  INFO  manager.MyListener - WebDriver start find element -->By.cssSelector: div.error div
20:54:18.436  INFO  manager.MyListener - WebDriver start find element -->By.cssSelector: .logo
]]></system-out>
  <system-err><![CDATA[console.warn: LoginRecipes: "getRecipes: falling back to a synchronous message for:" "https://ilcarro-1578153671498.web.app"
JavaScript error: resource://gre/modules/LoginManagerParent.jsm, line 136: TypeError: gRecipeManager is null
1658685236836	Marionette	WARN	TimedPromise timed out after 500 ms: stacktrace:
TimedPromise/<@chrome://remote/content/marionette/sync.js:235:19
TimedPromise@chrome://remote/content/marionette/sync.js:220:10
interaction.flushEventLoop@chrome://remote/content/marionette/interaction.js:431:10
webdriverClickElement@chrome://remote/content/marionette/interaction.js:179:31
console.warn: LoginRecipes: "getRecipes: falling back to a synchronous message for:" "https://ilcarro-1578153671498.web.app"
JavaScript error: resource://gre/modules/LoginManagerParent.jsm, line 136: TypeError: gRecipeManager is null
console.warn: LoginRecipes: "getRecipes: falling back to a synchronous message for:" "https://ilcarro-1578153671498.web.app"
JavaScript error: resource://gre/modules/LoginManagerParent.jsm, line 136: TypeError: gRecipeManager is null
console.warn: LoginRecipes: "getRecipes: falling back to a synchronous message for:" "https://ilcarro-1578153671498.web.app"
JavaScript error: resource://gre/modules/LoginManagerParent.jsm, line 136: TypeError: gRecipeManager is null
1658685241331	Marionette	WARN	TimedPromise timed out after 500 ms: stacktrace:
TimedPromise/<@chrome://remote/content/marionette/sync.js:235:19
TimedPromise@chrome://remote/content/marionette/sync.js:220:10
interaction.flushEventLoop@chrome://remote/content/marionette/interaction.js:431:10
webdriverClickElement@chrome://remote/content/marionette/interaction.js:179:31
console.warn: LoginRecipes: "getRecipes: falling back to a synchronous message for:" "https://ilcarro-1578153671498.web.app"
JavaScript error: resource://gre/modules/LoginManagerParent.jsm, line 136: TypeError: gRecipeManager is null
console.warn: LoginRecipes: "getRecipes: falling back to a synchronous message for:" "https://ilcarro-1578153671498.web.app"
JavaScript error: resource://gre/modules/LoginManagerParent.jsm, line 136: TypeError: gRecipeManager is null
console.warn: LoginRecipes: "getRecipes: falling back to a synchronous message for:" "https://ilcarro-1578153671498.web.app"
JavaScript error: resource://gre/modules/LoginManagerParent.jsm, line 136: TypeError: gRecipeManager is null
1658685246958	Marionette	WARN	TimedPromise timed out after 500 ms: stacktrace:
TimedPromise/<@chrome://remote/content/marionette/sync.js:235:19
TimedPromise@chrome://remote/content/marionette/sync.js:220:10
interaction.flushEventLoop@chrome://remote/content/marionette/interaction.js:431:10
webdriverClickElement@chrome://remote/content/marionette/interaction.js:179:31
console.warn: LoginRecipes: "getRecipes: falling back to a synchronous message for:" "https://ilcarro-1578153671498.web.app"
JavaScript error: resource://gre/modules/LoginManagerParent.jsm, line 136: TypeError: gRecipeManager is null
console.warn: LoginRecipes: "getRecipes: falling back to a synchronous message for:" "https://ilcarro-1578153671498.web.app"
JavaScript error: resource://gre/modules/LoginManagerParent.jsm, line 136: TypeError: gRecipeManager is null
console.warn: LoginRecipes: "getRecipes: falling back to a synchronous message for:" "https://ilcarro-1578153671498.web.app"
JavaScript error: resource://gre/modules/LoginManagerParent.jsm, line 136: TypeError: gRecipeManager is null
1658685252168	Marionette	WARN	TimedPromise timed out after 500 ms: stacktrace:
TimedPromise/<@chrome://remote/content/marionette/sync.js:235:19
TimedPromise@chrome://remote/content/marionette/sync.js:220:10
interaction.flushEventLoop@chrome://remote/content/marionette/interaction.js:431:10
webdriverClickElement@chrome://remote/content/marionette/interaction.js:179:31
console.warn: LoginRecipes: "getRecipes: falling back to a synchronous message for:" "https://ilcarro-1578153671498.web.app"
JavaScript error: resource://gre/modules/LoginManagerParent.jsm, line 136: TypeError: gRecipeManager is null
console.warn: LoginRecipes: "getRecipes: falling back to a synchronous message for:" "https://ilcarro-1578153671498.web.app"
JavaScript error: resource://gre/modules/LoginManagerParent.jsm, line 136: TypeError: gRecipeManager is null
console.warn: LoginRecipes: "getRecipes: falling back to a synchronous message for:" "https://ilcarro-1578153671498.web.app"
JavaScript error: resource://gre/modules/LoginManagerParent.jsm, line 136: TypeError: gRecipeManager is null
1658685256695	Marionette	WARN	TimedPromise timed out after 500 ms: stacktrace:
TimedPromise/<@chrome://remote/content/marionette/sync.js:235:19
TimedPromise@chrome://remote/content/marionette/sync.js:220:10
interaction.flushEventLoop@chrome://remote/content/marionette/interaction.js:431:10
webdriverClickElement@chrome://remote/content/marionette/interaction.js:179:31
1658685258160	Marionette	WARN	TimedPromise timed out after 500 ms: stacktrace:
TimedPromise/<@chrome://remote/content/marionette/sync.js:235:19
TimedPromise@chrome://remote/content/marionette/sync.js:220:10
interaction.flushEventLoop@chrome://remote/content/marionette/interaction.js:431:10
webdriverClickElement@chrome://remote/content/marionette/interaction.js:179:31
console.warn: LoginRecipes: "getRecipes: falling back to a synchronous message for:" "https://ilcarro-1578153671498.web.app"
JavaScript error: resource://gre/modules/LoginManagerParent.jsm, line 136: TypeError: gRecipeManager is null
]]></system-err>
</testsuite>
