<!DOCTYPE html>
<html>
<head>
<meta http-equiv="Content-Type" content="text/html; charset=utf-8"/>
<meta http-equiv="x-ua-compatible" content="IE=edge"/>
<title>Test results - Class tests.RegistrationTests</title>
<link href="../css/base-style.css" rel="stylesheet" type="text/css"/>
<link href="../css/style.css" rel="stylesheet" type="text/css"/>
<script src="../js/report.js" type="text/javascript"></script>
</head>
<body>
<div id="content">
<h1>Class tests.RegistrationTests</h1>
<div class="breadcrumbs">
<a href="../index.html">all</a> &gt; 
<a href="../packages/tests.html">tests</a> &gt; RegistrationTests</div>
<div id="summary">
<table>
<tr>
<td>
<div class="summaryGroup">
<table>
<tr>
<td>
<div class="infoBox" id="tests">
<div class="counter">5</div>
<p>tests</p>
</div>
</td>
<td>
<div class="infoBox" id="failures">
<div class="counter">4</div>
<p>failures</p>
</div>
</td>
<td>
<div class="infoBox" id="ignored">
<div class="counter">0</div>
<p>ignored</p>
</div>
</td>
<td>
<div class="infoBox" id="duration">
<div class="counter">20.174s</div>
<p>duration</p>
</div>
</td>
</tr>
</table>
</div>
</td>
<td>
<div class="infoBox failures" id="successRate">
<div class="percent">20%</div>
<p>successful</p>
</div>
</td>
</tr>
</table>
</div>
<div id="tabs">
<ul class="tabLinks">
<li>
<a href="#tab0">Failed tests</a>
</li>
<li>
<a href="#tab1">Tests</a>
</li>
<li>
<a href="#tab2">Standard output</a>
</li>
<li>
<a href="#tab3">Standard error</a>
</li>
</ul>
<div id="tab0" class="tab">
<h2>Failed tests</h2>
<div class="test">
<a name="registrationSuccess"></a>
<h3 class="failures">registrationSuccess</h3>
<span class="code">
<pre>org.openqa.selenium.NoSuchElementException: Unable to locate element: button[type='submit']
For documentation on this error, please visit: https://selenium.dev/exceptions/#no_such_element
Build info: version: '4.1.4', revision: '535d840ee2'
System info: host: 'MacBook-Pro-Taya.local', ip: '127.0.0.1', os.name: 'Mac OS X', os.arch: 'x86_64', os.version: '11.6.5', java.version: '11.0.15.1'
Driver info: org.openqa.selenium.firefox.FirefoxDriver
Command: [a4ca9281-919d-45bd-b4d4-b613d59f50ec, findElement {using=css selector, value=button[type='submit']}]
Capabilities {acceptInsecureCerts: true, browserName: firefox, browserVersion: 101.0, javascriptEnabled: true, moz:accessibilityChecks: false, moz:buildID: 20220526203855, moz:debuggerAddress: localhost:51372, moz:geckodriverVersion: 0.30.0, moz:headless: false, moz:processID: 14046, moz:profile: /var/folders/s_/hl4vhy0959g..., moz:shutdownTimeout: 60000, moz:useNonSpecCompliantPointerOrigin: false, moz:webdriverClick: true, pageLoadStrategy: normal, platform: MAC, platformName: MAC, platformVersion: 20.6.0, proxy: Proxy(), se:cdp: ws://localhost:51372/devtoo..., se:cdpVersion: 85.0, setWindowRect: true, strictFileInteractability: false, timeouts: {implicit: 0, pageLoad: 300000, script: 30000}, unhandledPromptBehavior: dismiss and notify}
Session ID: a4ca9281-919d-45bd-b4d4-b613d59f50ec
	at app//manager.MyListener.onError(MyListener.java:42)
	at app//org.openqa.selenium.support.events.EventFiringDecorator.lambda$onError$2(EventFiringDecorator.java:185)
	at java.base@11.0.15.1/java.util.Arrays$ArrayList.forEach(Arrays.java:4390)
	at app//org.openqa.selenium.support.events.EventFiringDecorator.onError(EventFiringDecorator.java:183)
	at app//org.openqa.selenium.support.decorators.DefaultDecorated.onError(DefaultDecorated.java:58)
	at app//org.openqa.selenium.support.decorators.WebDriverDecorator.lambda$createProxy$0(WebDriverDecorator.java:308)
	at net.bytebuddy.renamed.java.lang.Object$ByteBuddy$1l6O3cdH.findElement(Unknown Source)
	at app//manager.HelperBase.submit(HelperBase.java:44)
	at app//tests.RegistrationTests.registrationSuccess(RegistrationTests.java:32)
	at java.base@11.0.15.1/jdk.internal.reflect.NativeMethodAccessorImpl.invoke0(Native Method)
	at java.base@11.0.15.1/jdk.internal.reflect.NativeMethodAccessorImpl.invoke(NativeMethodAccessorImpl.java:62)
	at java.base@11.0.15.1/jdk.internal.reflect.DelegatingMethodAccessorImpl.invoke(DelegatingMethodAccessorImpl.java:43)
	at java.base@11.0.15.1/java.lang.reflect.Method.invoke(Method.java:566)
	at app//org.testng.internal.invokers.MethodInvocationHelper.invokeMethod(MethodInvocationHelper.java:135)
	at app//org.testng.internal.invokers.TestInvoker.invokeMethod(TestInvoker.java:673)
	at app//org.testng.internal.invokers.TestInvoker.invokeTestMethod(TestInvoker.java:220)
	at app//org.testng.internal.invokers.MethodRunner.runInSequence(MethodRunner.java:50)
	at app//org.testng.internal.invokers.TestInvoker$MethodInvocationAgent.invoke(TestInvoker.java:945)
	at app//org.testng.internal.invokers.TestInvoker.invokeTestMethods(TestInvoker.java:193)
	at app//org.testng.internal.invokers.TestMethodWorker.invokeTestMethods(TestMethodWorker.java:146)
	at app//org.testng.internal.invokers.TestMethodWorker.run(TestMethodWorker.java:128)
	at java.base@11.0.15.1/java.util.ArrayList.forEach(ArrayList.java:1541)
	at app//org.testng.TestRunner.privateRun(TestRunner.java:808)
	at app//org.testng.TestRunner.run(TestRunner.java:603)
	at app//org.testng.SuiteRunner.runTest(SuiteRunner.java:429)
	at app//org.testng.SuiteRunner.runSequentially(SuiteRunner.java:423)
	at app//org.testng.SuiteRunner.privateRun(SuiteRunner.java:383)
	at app//org.testng.SuiteRunner.run(SuiteRunner.java:326)
	at app//org.testng.SuiteRunnerWorker.runSuite(SuiteRunnerWorker.java:52)
	at app//org.testng.SuiteRunnerWorker.run(SuiteRunnerWorker.java:95)
	at app//org.testng.TestNG.runSuitesSequentially(TestNG.java:1249)
	at app//org.testng.TestNG.runSuitesLocally(TestNG.java:1169)
	at app//org.testng.TestNG.runSuites(TestNG.java:1092)
	at app//org.testng.TestNG.run(TestNG.java:1060)
	at org.gradle.api.internal.tasks.testing.testng.TestNGTestClassProcessor.runTests(TestNGTestClassProcessor.java:141)
	at org.gradle.api.internal.tasks.testing.testng.TestNGTestClassProcessor.stop(TestNGTestClassProcessor.java:90)
	at org.gradle.api.internal.tasks.testing.SuiteTestClassProcessor.stop(SuiteTestClassProcessor.java:61)
	at java.base@11.0.15.1/jdk.internal.reflect.NativeMethodAccessorImpl.invoke0(Native Method)
	at java.base@11.0.15.1/jdk.internal.reflect.NativeMethodAccessorImpl.invoke(NativeMethodAccessorImpl.java:62)
	at java.base@11.0.15.1/jdk.internal.reflect.DelegatingMethodAccessorImpl.invoke(DelegatingMethodAccessorImpl.java:43)
	at java.base@11.0.15.1/java.lang.reflect.Method.invoke(Method.java:566)
	at org.gradle.internal.dispatch.ReflectionDispatch.dispatch(ReflectionDispatch.java:36)
	at org.gradle.internal.dispatch.ReflectionDispatch.dispatch(ReflectionDispatch.java:24)
	at org.gradle.internal.dispatch.ContextClassLoaderDispatch.dispatch(ContextClassLoaderDispatch.java:33)
	at org.gradle.internal.dispatch.ProxyDispatchAdapter$DispatchingInvocationHandler.invoke(ProxyDispatchAdapter.java:94)
	at com.sun.proxy.$Proxy2.stop(Unknown Source)
	at org.gradle.api.internal.tasks.testing.worker.TestWorker$3.run(TestWorker.java:193)
	at org.gradle.api.internal.tasks.testing.worker.TestWorker.executeAndMaintainThreadName(TestWorker.java:129)
	at org.gradle.api.internal.tasks.testing.worker.TestWorker.execute(TestWorker.java:100)
	at org.gradle.api.internal.tasks.testing.worker.TestWorker.execute(TestWorker.java:60)
	at org.gradle.process.internal.worker.child.ActionExecutionWorker.execute(ActionExecutionWorker.java:56)
	at org.gradle.process.internal.worker.child.SystemApplicationClassLoaderWorker.call(SystemApplicationClassLoaderWorker.java:133)
	at org.gradle.process.internal.worker.child.SystemApplicationClassLoaderWorker.call(SystemApplicationClassLoaderWorker.java:71)
	at app//worker.org.gradle.process.internal.worker.GradleWorkerMain.run(GradleWorkerMain.java:69)
	at app//worker.org.gradle.process.internal.worker.GradleWorkerMain.main(GradleWorkerMain.java:74)
</pre>
</span>
</div>
<div class="test">
<a name="registrationSuccess2[0](User{name='Dorati', lastName='Doe', email='dor@mail.com', password='Dd12345$', phone='null'})"></a>
<h3 class="failures">registrationSuccess2[0](User{name='Dorati', lastName='Doe', email='dor@mail.com', password='Dd12345$', phone='null'})</h3>
<span class="code">
<pre>java.lang.AssertionError: expected [Registered] but found [Registration error]
	at org.testng.Assert.fail(Assert.java:110)
	at org.testng.Assert.failNotEquals(Assert.java:1413)
	at org.testng.Assert.assertEqualsImpl(Assert.java:149)
	at org.testng.Assert.assertEquals(Assert.java:131)
	at org.testng.Assert.assertEquals(Assert.java:655)
	at org.testng.Assert.assertEquals(Assert.java:665)
	at tests.RegistrationTests.registrationSuccess2(RegistrationTests.java:45)
	at java.base/jdk.internal.reflect.NativeMethodAccessorImpl.invoke0(Native Method)
	at java.base/jdk.internal.reflect.NativeMethodAccessorImpl.invoke(NativeMethodAccessorImpl.java:62)
	at java.base/jdk.internal.reflect.DelegatingMethodAccessorImpl.invoke(DelegatingMethodAccessorImpl.java:43)
	at java.base/java.lang.reflect.Method.invoke(Method.java:566)
	at org.testng.internal.invokers.MethodInvocationHelper.invokeMethod(MethodInvocationHelper.java:135)
	at org.testng.internal.invokers.TestInvoker.invokeMethod(TestInvoker.java:673)
	at org.testng.internal.invokers.TestInvoker.invokeTestMethod(TestInvoker.java:220)
	at org.testng.internal.invokers.MethodRunner.runInSequence(MethodRunner.java:50)
	at org.testng.internal.invokers.TestInvoker$MethodInvocationAgent.invoke(TestInvoker.java:945)
	at org.testng.internal.invokers.TestInvoker.invokeTestMethods(TestInvoker.java:193)
	at org.testng.internal.invokers.TestMethodWorker.invokeTestMethods(TestMethodWorker.java:146)
	at org.testng.internal.invokers.TestMethodWorker.run(TestMethodWorker.java:128)
	at java.base/java.util.ArrayList.forEach(ArrayList.java:1541)
	at org.testng.TestRunner.privateRun(TestRunner.java:808)
	at org.testng.TestRunner.run(TestRunner.java:603)
	at org.testng.SuiteRunner.runTest(SuiteRunner.java:429)
	at org.testng.SuiteRunner.runSequentially(SuiteRunner.java:423)
	at org.testng.SuiteRunner.privateRun(SuiteRunner.java:383)
	at org.testng.SuiteRunner.run(SuiteRunner.java:326)
	at org.testng.SuiteRunnerWorker.runSuite(SuiteRunnerWorker.java:52)
	at org.testng.SuiteRunnerWorker.run(SuiteRunnerWorker.java:95)
	at org.testng.TestNG.runSuitesSequentially(TestNG.java:1249)
	at org.testng.TestNG.runSuitesLocally(TestNG.java:1169)
	at org.testng.TestNG.runSuites(TestNG.java:1092)
	at org.testng.TestNG.run(TestNG.java:1060)
	at org.gradle.api.internal.tasks.testing.testng.TestNGTestClassProcessor.runTests(TestNGTestClassProcessor.java:141)
	at org.gradle.api.internal.tasks.testing.testng.TestNGTestClassProcessor.stop(TestNGTestClassProcessor.java:90)
	at org.gradle.api.internal.tasks.testing.SuiteTestClassProcessor.stop(SuiteTestClassProcessor.java:61)
	at java.base/jdk.internal.reflect.NativeMethodAccessorImpl.invoke0(Native Method)
	at java.base/jdk.internal.reflect.NativeMethodAccessorImpl.invoke(NativeMethodAccessorImpl.java:62)
	at java.base/jdk.internal.reflect.DelegatingMethodAccessorImpl.invoke(DelegatingMethodAccessorImpl.java:43)
	at java.base/java.lang.reflect.Method.invoke(Method.java:566)
	at org.gradle.internal.dispatch.ReflectionDispatch.dispatch(ReflectionDispatch.java:36)
	at org.gradle.internal.dispatch.ReflectionDispatch.dispatch(ReflectionDispatch.java:24)
	at org.gradle.internal.dispatch.ContextClassLoaderDispatch.dispatch(ContextClassLoaderDispatch.java:33)
	at org.gradle.internal.dispatch.ProxyDispatchAdapter$DispatchingInvocationHandler.invoke(ProxyDispatchAdapter.java:94)
	at com.sun.proxy.$Proxy2.stop(Unknown Source)
	at org.gradle.api.internal.tasks.testing.worker.TestWorker$3.run(TestWorker.java:193)
	at org.gradle.api.internal.tasks.testing.worker.TestWorker.executeAndMaintainThreadName(TestWorker.java:129)
	at org.gradle.api.internal.tasks.testing.worker.TestWorker.execute(TestWorker.java:100)
	at org.gradle.api.internal.tasks.testing.worker.TestWorker.execute(TestWorker.java:60)
	at org.gradle.process.internal.worker.child.ActionExecutionWorker.execute(ActionExecutionWorker.java:56)
	at org.gradle.process.internal.worker.child.SystemApplicationClassLoaderWorker.call(SystemApplicationClassLoaderWorker.java:133)
	at org.gradle.process.internal.worker.child.SystemApplicationClassLoaderWorker.call(SystemApplicationClassLoaderWorker.java:71)
	at worker.org.gradle.process.internal.worker.GradleWorkerMain.run(GradleWorkerMain.java:69)
	at worker.org.gradle.process.internal.worker.GradleWorkerMain.main(GradleWorkerMain.java:74)
</pre>
</span>
</div>
<div class="test">
<a name="registrationSuccess2[1](User{name='Dorati', lastName='Doe', email='dor1@mail.com', password='Dd12345$', phone='null'})"></a>
<h3 class="failures">registrationSuccess2[1](User{name='Dorati', lastName='Doe', email='dor1@mail.com', password='Dd12345$', phone='null'})</h3>
<span class="code">
<pre>org.openqa.selenium.TimeoutException: Expected condition failed: waiting for element to be clickable: Decorated {[[FirefoxDriver: firefox on MAC (a4ca9281-919d-45bd-b4d4-b613d59f50ec)] -&gt; css selector: button[type='submit']]} (tried for 5 second(s) with 500 milliseconds interval)
Build info: version: '4.1.4', revision: '535d840ee2'
System info: host: 'MacBook-Pro-Taya.local', ip: '127.0.0.1', os.name: 'Mac OS X', os.arch: 'x86_64', os.version: '11.6.5', java.version: '11.0.15.1'
Driver info: net.bytebuddy.renamed.java.lang.Object$ByteBuddy$1l6O3cdH
Capabilities {acceptInsecureCerts: true, browserName: firefox, browserVersion: 101.0, javascriptEnabled: true, moz:accessibilityChecks: false, moz:buildID: 20220526203855, moz:debuggerAddress: localhost:51372, moz:geckodriverVersion: 0.30.0, moz:headless: false, moz:processID: 14046, moz:profile: /var/folders/s_/hl4vhy0959g..., moz:shutdownTimeout: 60000, moz:useNonSpecCompliantPointerOrigin: false, moz:webdriverClick: true, pageLoadStrategy: normal, platform: MAC, platformName: MAC, platformVersion: 20.6.0, proxy: Proxy(), se:cdp: ws://localhost:51372/devtoo..., se:cdpVersion: 85.0, setWindowRect: true, strictFileInteractability: false, timeouts: {implicit: 0, pageLoad: 300000, script: 30000}, unhandledPromptBehavior: dismiss and notify}
Session ID: a4ca9281-919d-45bd-b4d4-b613d59f50ec
	at app//org.openqa.selenium.support.ui.WebDriverWait.timeoutException(WebDriverWait.java:87)
	at app//org.openqa.selenium.support.ui.FluentWait.until(FluentWait.java:231)
	at app//manager.HelperBase.submit(HelperBase.java:44)
	at app//tests.RegistrationTests.registrationSuccess2(RegistrationTests.java:44)
	at java.base@11.0.15.1/jdk.internal.reflect.NativeMethodAccessorImpl.invoke0(Native Method)
	at java.base@11.0.15.1/jdk.internal.reflect.NativeMethodAccessorImpl.invoke(NativeMethodAccessorImpl.java:62)
	at java.base@11.0.15.1/jdk.internal.reflect.DelegatingMethodAccessorImpl.invoke(DelegatingMethodAccessorImpl.java:43)
	at java.base@11.0.15.1/java.lang.reflect.Method.invoke(Method.java:566)
	at app//org.testng.internal.invokers.MethodInvocationHelper.invokeMethod(MethodInvocationHelper.java:135)
	at app//org.testng.internal.invokers.TestInvoker.invokeMethod(TestInvoker.java:673)
	at app//org.testng.internal.invokers.TestInvoker.invokeTestMethod(TestInvoker.java:220)
	at app//org.testng.internal.invokers.MethodRunner.runInSequence(MethodRunner.java:50)
	at app//org.testng.internal.invokers.TestInvoker$MethodInvocationAgent.invoke(TestInvoker.java:945)
	at app//org.testng.internal.invokers.TestInvoker.invokeTestMethods(TestInvoker.java:193)
	at app//org.testng.internal.invokers.TestMethodWorker.invokeTestMethods(TestMethodWorker.java:146)
	at app//org.testng.internal.invokers.TestMethodWorker.run(TestMethodWorker.java:128)
	at java.base@11.0.15.1/java.util.ArrayList.forEach(ArrayList.java:1541)
	at app//org.testng.TestRunner.privateRun(TestRunner.java:808)
	at app//org.testng.TestRunner.run(TestRunner.java:603)
	at app//org.testng.SuiteRunner.runTest(SuiteRunner.java:429)
	at app//org.testng.SuiteRunner.runSequentially(SuiteRunner.java:423)
	at app//org.testng.SuiteRunner.privateRun(SuiteRunner.java:383)
	at app//org.testng.SuiteRunner.run(SuiteRunner.java:326)
	at app//org.testng.SuiteRunnerWorker.runSuite(SuiteRunnerWorker.java:52)
	at app//org.testng.SuiteRunnerWorker.run(SuiteRunnerWorker.java:95)
	at app//org.testng.TestNG.runSuitesSequentially(TestNG.java:1249)
	at app//org.testng.TestNG.runSuitesLocally(TestNG.java:1169)
	at app//org.testng.TestNG.runSuites(TestNG.java:1092)
	at app//org.testng.TestNG.run(TestNG.java:1060)
	at org.gradle.api.internal.tasks.testing.testng.TestNGTestClassProcessor.runTests(TestNGTestClassProcessor.java:141)
	at org.gradle.api.internal.tasks.testing.testng.TestNGTestClassProcessor.stop(TestNGTestClassProcessor.java:90)
	at org.gradle.api.internal.tasks.testing.SuiteTestClassProcessor.stop(SuiteTestClassProcessor.java:61)
	at java.base@11.0.15.1/jdk.internal.reflect.NativeMethodAccessorImpl.invoke0(Native Method)
	at java.base@11.0.15.1/jdk.internal.reflect.NativeMethodAccessorImpl.invoke(NativeMethodAccessorImpl.java:62)
	at java.base@11.0.15.1/jdk.internal.reflect.DelegatingMethodAccessorImpl.invoke(DelegatingMethodAccessorImpl.java:43)
	at java.base@11.0.15.1/java.lang.reflect.Method.invoke(Method.java:566)
	at org.gradle.internal.dispatch.ReflectionDispatch.dispatch(ReflectionDispatch.java:36)
	at org.gradle.internal.dispatch.ReflectionDispatch.dispatch(ReflectionDispatch.java:24)
	at org.gradle.internal.dispatch.ContextClassLoaderDispatch.dispatch(ContextClassLoaderDispatch.java:33)
	at org.gradle.internal.dispatch.ProxyDispatchAdapter$DispatchingInvocationHandler.invoke(ProxyDispatchAdapter.java:94)
	at com.sun.proxy.$Proxy2.stop(Unknown Source)
	at org.gradle.api.internal.tasks.testing.worker.TestWorker$3.run(TestWorker.java:193)
	at org.gradle.api.internal.tasks.testing.worker.TestWorker.executeAndMaintainThreadName(TestWorker.java:129)
	at org.gradle.api.internal.tasks.testing.worker.TestWorker.execute(TestWorker.java:100)
	at org.gradle.api.internal.tasks.testing.worker.TestWorker.execute(TestWorker.java:60)
	at org.gradle.process.internal.worker.child.ActionExecutionWorker.execute(ActionExecutionWorker.java:56)
	at org.gradle.process.internal.worker.child.SystemApplicationClassLoaderWorker.call(SystemApplicationClassLoaderWorker.java:133)
	at org.gradle.process.internal.worker.child.SystemApplicationClassLoaderWorker.call(SystemApplicationClassLoaderWorker.java:71)
	at app//worker.org.gradle.process.internal.worker.GradleWorkerMain.run(GradleWorkerMain.java:69)
	at app//worker.org.gradle.process.internal.worker.GradleWorkerMain.main(GradleWorkerMain.java:74)
</pre>
</span>
</div>
<div class="test">
<a name="registrationSuccess2[2](User{name='Dorati', lastName='Doe', email='dor2@mail.com', password='Dd12345$', phone='null'})"></a>
<h3 class="failures">registrationSuccess2[2](User{name='Dorati', lastName='Doe', email='dor2@mail.com', password='Dd12345$', phone='null'})</h3>
<span class="code">
<pre>java.lang.AssertionError: expected [Registered] but found [Registration error]
	at org.testng.Assert.fail(Assert.java:110)
	at org.testng.Assert.failNotEquals(Assert.java:1413)
	at org.testng.Assert.assertEqualsImpl(Assert.java:149)
	at org.testng.Assert.assertEquals(Assert.java:131)
	at org.testng.Assert.assertEquals(Assert.java:655)
	at org.testng.Assert.assertEquals(Assert.java:665)
	at tests.RegistrationTests.registrationSuccess2(RegistrationTests.java:45)
	at java.base/jdk.internal.reflect.NativeMethodAccessorImpl.invoke0(Native Method)
	at java.base/jdk.internal.reflect.NativeMethodAccessorImpl.invoke(NativeMethodAccessorImpl.java:62)
	at java.base/jdk.internal.reflect.DelegatingMethodAccessorImpl.invoke(DelegatingMethodAccessorImpl.java:43)
	at java.base/java.lang.reflect.Method.invoke(Method.java:566)
	at org.testng.internal.invokers.MethodInvocationHelper.invokeMethod(MethodInvocationHelper.java:135)
	at org.testng.internal.invokers.TestInvoker.invokeMethod(TestInvoker.java:673)
	at org.testng.internal.invokers.TestInvoker.invokeTestMethod(TestInvoker.java:220)
	at org.testng.internal.invokers.MethodRunner.runInSequence(MethodRunner.java:50)
	at org.testng.internal.invokers.TestInvoker$MethodInvocationAgent.invoke(TestInvoker.java:945)
	at org.testng.internal.invokers.TestInvoker.invokeTestMethods(TestInvoker.java:193)
	at org.testng.internal.invokers.TestMethodWorker.invokeTestMethods(TestMethodWorker.java:146)
	at org.testng.internal.invokers.TestMethodWorker.run(TestMethodWorker.java:128)
	at java.base/java.util.ArrayList.forEach(ArrayList.java:1541)
	at org.testng.TestRunner.privateRun(TestRunner.java:808)
	at org.testng.TestRunner.run(TestRunner.java:603)
	at org.testng.SuiteRunner.runTest(SuiteRunner.java:429)
	at org.testng.SuiteRunner.runSequentially(SuiteRunner.java:423)
	at org.testng.SuiteRunner.privateRun(SuiteRunner.java:383)
	at org.testng.SuiteRunner.run(SuiteRunner.java:326)
	at org.testng.SuiteRunnerWorker.runSuite(SuiteRunnerWorker.java:52)
	at org.testng.SuiteRunnerWorker.run(SuiteRunnerWorker.java:95)
	at org.testng.TestNG.runSuitesSequentially(TestNG.java:1249)
	at org.testng.TestNG.runSuitesLocally(TestNG.java:1169)
	at org.testng.TestNG.runSuites(TestNG.java:1092)
	at org.testng.TestNG.run(TestNG.java:1060)
	at org.gradle.api.internal.tasks.testing.testng.TestNGTestClassProcessor.runTests(TestNGTestClassProcessor.java:141)
	at org.gradle.api.internal.tasks.testing.testng.TestNGTestClassProcessor.stop(TestNGTestClassProcessor.java:90)
	at org.gradle.api.internal.tasks.testing.SuiteTestClassProcessor.stop(SuiteTestClassProcessor.java:61)
	at java.base/jdk.internal.reflect.NativeMethodAccessorImpl.invoke0(Native Method)
	at java.base/jdk.internal.reflect.NativeMethodAccessorImpl.invoke(NativeMethodAccessorImpl.java:62)
	at java.base/jdk.internal.reflect.DelegatingMethodAccessorImpl.invoke(DelegatingMethodAccessorImpl.java:43)
	at java.base/java.lang.reflect.Method.invoke(Method.java:566)
	at org.gradle.internal.dispatch.ReflectionDispatch.dispatch(ReflectionDispatch.java:36)
	at org.gradle.internal.dispatch.ReflectionDispatch.dispatch(ReflectionDispatch.java:24)
	at org.gradle.internal.dispatch.ContextClassLoaderDispatch.dispatch(ContextClassLoaderDispatch.java:33)
	at org.gradle.internal.dispatch.ProxyDispatchAdapter$DispatchingInvocationHandler.invoke(ProxyDispatchAdapter.java:94)
	at com.sun.proxy.$Proxy2.stop(Unknown Source)
	at org.gradle.api.internal.tasks.testing.worker.TestWorker$3.run(TestWorker.java:193)
	at org.gradle.api.internal.tasks.testing.worker.TestWorker.executeAndMaintainThreadName(TestWorker.java:129)
	at org.gradle.api.internal.tasks.testing.worker.TestWorker.execute(TestWorker.java:100)
	at org.gradle.api.internal.tasks.testing.worker.TestWorker.execute(TestWorker.java:60)
	at org.gradle.process.internal.worker.child.ActionExecutionWorker.execute(ActionExecutionWorker.java:56)
	at org.gradle.process.internal.worker.child.SystemApplicationClassLoaderWorker.call(SystemApplicationClassLoaderWorker.java:133)
	at org.gradle.process.internal.worker.child.SystemApplicationClassLoaderWorker.call(SystemApplicationClassLoaderWorker.java:71)
	at worker.org.gradle.process.internal.worker.GradleWorkerMain.run(GradleWorkerMain.java:69)
	at worker.org.gradle.process.internal.worker.GradleWorkerMain.main(GradleWorkerMain.java:74)
</pre>
</span>
</div>
</div>
<div id="tab1" class="tab">
<h2>Tests</h2>
<table>
<thead>
<tr>
<th>Test</th>
<th>Duration</th>
<th>Result</th>
</tr>
</thead>
<tr>
<td class="failures">registrationSuccess</td>
<td class="failures">7.264s</td>
<td class="failures">failed</td>
</tr>
<tr>
<td class="failures">registrationSuccess2[0](User{name='Dorati', lastName='Doe', email='dor@mail.com', password='Dd12345$', phone='null'})</td>
<td class="failures">2.153s</td>
<td class="failures">failed</td>
</tr>
<tr>
<td class="failures">registrationSuccess2[1](User{name='Dorati', lastName='Doe', email='dor1@mail.com', password='Dd12345$', phone='null'})</td>
<td class="failures">6.954s</td>
<td class="failures">failed</td>
</tr>
<tr>
<td class="failures">registrationSuccess2[2](User{name='Dorati', lastName='Doe', email='dor2@mail.com', password='Dd12345$', phone='null'})</td>
<td class="failures">2.087s</td>
<td class="failures">failed</td>
</tr>
<tr>
<td class="success">registrationWrongPasswordFormatSize</td>
<td class="success">1.716s</td>
<td class="success">passed</td>
</tr>
</table>
</div>
<div id="tab2" class="tab">
<h2>Standard output</h2>
<span class="code">
<pre>20:52:53.694  INFO  tests.TestBase - Start test with name ---&gt;registrationSuccess
20:52:53.695  INFO  manager.MyListener - New Before find by --&gt; By.xpath: //a[text()=' Logout ']
20:52:53.719  INFO  manager.MyListener - WebDriver start find element --&gt;By.xpath: //a[text()=' Logout ']
20:52:54.043  INFO  manager.MyListener - WebDriver start find element --&gt;By.xpath: //a[text()=' Sign up ']
20:52:54.314  INFO  manager.MyListener - WebDriver start find element --&gt;By.id: name
20:52:54.607  INFO  manager.MyListener - WebDriver start find element --&gt;By.id: lastName
20:52:54.894  INFO  manager.MyListener - WebDriver start find element --&gt;By.id: email
20:52:55.186  INFO  manager.MyListener - WebDriver start find element --&gt;By.id: password
20:52:55.451  INFO  manager.MyListener - WebDriver start find element --&gt;By.cssSelector: label[for='terms-of-use']
20:52:56.085  INFO  manager.MyListener - WebDriver start find element --&gt;By.cssSelector: button[type='submit']
20:53:01.104  INFO  manager.MyListener - The name of method with error --&gt;findElement
20:53:01.301  INFO  manager.MyListener - We have a problem ---&gt; org.openqa.selenium.NoSuchElementException: Unable to locate element: button[type='submit']
For documentation on this error, please visit: https://selenium.dev/exceptions/#no_such_element
Build info: version: '4.1.4', revision: '535d840ee2'
System info: host: 'MacBook-Pro-Taya.local', ip: '127.0.0.1', os.name: 'Mac OS X', os.arch: 'x86_64', os.version: '11.6.5', java.version: '11.0.15.1'
Driver info: org.openqa.selenium.firefox.FirefoxDriver
Command: [a4ca9281-919d-45bd-b4d4-b613d59f50ec, findElement {using=css selector, value=button[type='submit']}]
Capabilities {acceptInsecureCerts: true, browserName: firefox, browserVersion: 101.0, javascriptEnabled: true, moz:accessibilityChecks: false, moz:buildID: 20220526203855, moz:debuggerAddress: localhost:51372, moz:geckodriverVersion: 0.30.0, moz:headless: false, moz:processID: 14046, moz:profile: /var/folders/s_/hl4vhy0959g..., moz:shutdownTimeout: 60000, moz:useNonSpecCompliantPointerOrigin: false, moz:webdriverClick: true, pageLoadStrategy: normal, platform: MAC, platformName: MAC, platformVersion: 20.6.0, proxy: Proxy(), se:cdp: ws://localhost:51372/devtoo..., se:cdpVersion: 85.0, setWindowRect: true, strictFileInteractability: false, timeouts: {implicit: 0, pageLoad: 300000, script: 30000}, unhandledPromptBehavior: dismiss and notify}
Session ID: a4ca9281-919d-45bd-b4d4-b613d59f50ec
20:53:01.303  INFO  manager.MyListener - New Before find by --&gt; By.xpath: //button[text()='Ok']
20:53:06.316  INFO  tests.TestBase - Start test with name ---&gt;registrationSuccess2
20:53:06.317  INFO  manager.MyListener - New Before find by --&gt; By.xpath: //a[text()=' Logout ']
20:53:11.325  INFO  manager.MyListener - WebDriver start find element --&gt;By.xpath: //a[text()=' Sign up ']
20:53:11.636  INFO  manager.MyListener - WebDriver start find element --&gt;By.id: name
20:53:11.916  INFO  manager.MyListener - WebDriver start find element --&gt;By.id: lastName
20:53:12.194  INFO  manager.MyListener - WebDriver start find element --&gt;By.id: email
20:53:12.473  INFO  manager.MyListener - WebDriver start find element --&gt;By.id: password
20:53:12.740  INFO  manager.MyListener - WebDriver start find element --&gt;By.cssSelector: label[for='terms-of-use']
20:53:12.939  INFO  manager.MyListener - WebDriver start find element --&gt;By.cssSelector: button[type='submit']
20:53:12.983  INFO  manager.MyListener - WebDriver start find element --&gt;By.cssSelector: button[type='submit']
20:53:13.236  INFO  manager.MyListener - WebDriver start find element --&gt;By.cssSelector: div.dialog-container
20:53:13.431  INFO  manager.MyListener - WebDriver start find element --&gt;By.cssSelector: div.dialog-container h1
20:53:13.478  INFO  manager.MyListener - New Before find by --&gt; By.xpath: //button[text()='Ok']
20:53:13.500  INFO  manager.MyListener - WebDriver start find element --&gt;By.xpath: //button[text()='Ok']
20:53:13.755  INFO  tests.TestBase - Start test with name ---&gt;registrationSuccess2
20:53:13.757  INFO  manager.MyListener - New Before find by --&gt; By.xpath: //a[text()=' Logout ']
20:53:18.777  INFO  manager.MyListener - WebDriver start find element --&gt;By.xpath: //a[text()=' Sign up ']
20:53:19.030  INFO  manager.MyListener - WebDriver start find element --&gt;By.id: name
20:53:19.361  INFO  manager.MyListener - WebDriver start find element --&gt;By.id: lastName
20:53:19.635  INFO  manager.MyListener - WebDriver start find element --&gt;By.id: email
20:53:19.931  INFO  manager.MyListener - WebDriver start find element --&gt;By.id: password
20:53:20.197  INFO  manager.MyListener - WebDriver start find element --&gt;By.cssSelector: label[for='terms-of-use']
20:53:20.363  INFO  manager.MyListener - WebDriver start find element --&gt;By.cssSelector: button[type='submit']
20:53:25.730  INFO  manager.MyListener - New Before find by --&gt; By.xpath: //button[text()='Ok']
20:53:30.745  INFO  tests.TestBase - Start test with name ---&gt;registrationSuccess2
20:53:30.745  INFO  manager.MyListener - New Before find by --&gt; By.xpath: //a[text()=' Logout ']
20:53:35.760  INFO  manager.MyListener - WebDriver start find element --&gt;By.xpath: //a[text()=' Sign up ']
20:53:36.030  INFO  manager.MyListener - WebDriver start find element --&gt;By.id: name
20:53:36.323  INFO  manager.MyListener - WebDriver start find element --&gt;By.id: lastName
20:53:36.598  INFO  manager.MyListener - WebDriver start find element --&gt;By.id: email
20:53:36.914  INFO  manager.MyListener - WebDriver start find element --&gt;By.id: password
20:53:37.212  INFO  manager.MyListener - WebDriver start find element --&gt;By.cssSelector: label[for='terms-of-use']
20:53:37.382  INFO  manager.MyListener - WebDriver start find element --&gt;By.cssSelector: button[type='submit']
20:53:37.442  INFO  manager.MyListener - WebDriver start find element --&gt;By.cssSelector: button[type='submit']
20:53:37.698  INFO  manager.MyListener - WebDriver start find element --&gt;By.cssSelector: div.dialog-container
20:53:37.811  INFO  manager.MyListener - WebDriver start find element --&gt;By.cssSelector: div.dialog-container h1
20:53:37.852  INFO  manager.MyListener - New Before find by --&gt; By.xpath: //button[text()='Ok']
20:53:37.883  INFO  manager.MyListener - WebDriver start find element --&gt;By.xpath: //button[text()='Ok']
20:53:38.138  INFO  tests.TestBase - Start test with name ---&gt;registrationWrongPasswordFormatSize
20:53:38.139  INFO  manager.MyListener - New Before find by --&gt; By.xpath: //a[text()=' Logout ']
20:53:43.164  INFO  manager.MyListener - WebDriver start find element --&gt;By.xpath: //a[text()=' Sign up ']
20:53:43.404  INFO  manager.MyListener - WebDriver start find element --&gt;By.id: name
20:53:43.666  INFO  manager.MyListener - WebDriver start find element --&gt;By.id: lastName
20:53:43.935  INFO  manager.MyListener - WebDriver start find element --&gt;By.id: email
20:53:44.215  INFO  manager.MyListener - WebDriver start find element --&gt;By.id: password
20:53:44.484  INFO  manager.MyListener - WebDriver start find element --&gt;By.cssSelector: label[for='terms-of-use']
20:53:44.742  INFO  manager.MyListener - WebDriver start find element --&gt;By.cssSelector: div.error div:last-child
Password must contain 1 uppercase letter, 1 lowercase letter and one number
20:53:44.773  INFO  manager.MyListener - WebDriver start find element --&gt;By.cssSelector: div.error div:last-child
20:53:44.811  INFO  manager.MyListener - WebDriver start find element --&gt;By.cssSelector: div.error div:first-child
Password must contain minimum 8 symbols
20:53:44.830  INFO  manager.MyListener - WebDriver start find element --&gt;By.cssSelector: div.error div:first-child
20:53:44.848  INFO  manager.MyListener - New Before find by --&gt; By.cssSelector: button[disabled]
20:53:44.859  INFO  manager.MyListener - WebDriver start find element --&gt;By.cssSelector: [type='submit']
false
20:53:44.881  INFO  manager.MyListener - New Before find by --&gt; By.xpath: //button[text()='Ok']
</pre>
</span>
</div>
<div id="tab3" class="tab">
<h2>Standard error</h2>
<span class="code">
<pre>console.warn: LoginRecipes: &quot;getRecipes: falling back to a synchronous message for:&quot; &quot;https://ilcarro-1578153671498.web.app&quot;
JavaScript error: resource://gre/modules/LoginManagerParent.jsm, line 136: TypeError: gRecipeManager is null
Jul 24, 2022 8:53:12 PM org.openqa.selenium.interactions.Actions moveToElement
INFO: When using the W3C Action commands, offsets are from the element's in-view center point
console.warn: LoginRecipes: &quot;getRecipes: falling back to a synchronous message for:&quot; &quot;https://ilcarro-1578153671498.web.app&quot;
JavaScript error: resource://gre/modules/LoginManagerParent.jsm, line 136: TypeError: gRecipeManager is null
console.warn: LoginRecipes: &quot;getRecipes: falling back to a synchronous message for:&quot; &quot;https://ilcarro-1578153671498.web.app&quot;
JavaScript error: resource://gre/modules/LoginManagerParent.jsm, line 136: TypeError: gRecipeManager is null
Jul 24, 2022 8:53:20 PM org.openqa.selenium.interactions.Actions moveToElement
INFO: When using the W3C Action commands, offsets are from the element's in-view center point
console.warn: LoginRecipes: &quot;getRecipes: falling back to a synchronous message for:&quot; &quot;https://ilcarro-1578153671498.web.app&quot;
JavaScript error: resource://gre/modules/LoginManagerParent.jsm, line 136: TypeError: gRecipeManager is null
Jul 24, 2022 8:53:37 PM org.openqa.selenium.interactions.Actions moveToElement
INFO: When using the W3C Action commands, offsets are from the element's in-view center point
console.warn: LoginRecipes: &quot;getRecipes: falling back to a synchronous message for:&quot; &quot;https://ilcarro-1578153671498.web.app&quot;
JavaScript error: resource://gre/modules/LoginManagerParent.jsm, line 136: TypeError: gRecipeManager is null
console.warn: LoginRecipes: &quot;getRecipes: falling back to a synchronous message for:&quot; &quot;https://ilcarro-1578153671498.web.app&quot;
JavaScript error: resource://gre/modules/LoginManagerParent.jsm, line 136: TypeError: gRecipeManager is null
</pre>
</span>
</div>
</div>
<div id="footer">
<p>
<div>
<label class="hidden" id="label-for-line-wrapping-toggle" for="line-wrapping-toggle">Wrap lines
<input id="line-wrapping-toggle" type="checkbox" autocomplete="off"/>
</label>
</div>Generated by 
<a href="http://www.gradle.org">Gradle 7.4</a> at 24 Jul 2022, 20:54:19</p>
</div>
</div>
</body>
</html>
